The system is: Linux - 4.4.0-36-generic - x86_64
Compiling the C compiler identification source file "CMakeCCompilerId.c" succeeded.
Compiler: /usr/bin/cc 
Build flags: 
Id flags: 

The output was:
0


Compilation of the C compiler identification source "CMakeCCompilerId.c" produced "a.out"

The C compiler identification is GNU, found in "/media/andre/Dados/UA/MEAI/2º/Visão por Computador/Projectos/DisplayImage/CMakeFiles/3.5.1/CompilerIdC/a.out"

Compiling the CXX compiler identification source file "CMakeCXXCompilerId.cpp" succeeded.
Compiler: /usr/bin/c++ 
Build flags: 
Id flags: 

The output was:
0


Compilation of the CXX compiler identification source "CMakeCXXCompilerId.cpp" produced "a.out"

The CXX compiler identification is GNU, found in "/media/andre/Dados/UA/MEAI/2º/Visão por Computador/Projectos/DisplayImage/CMakeFiles/3.5.1/CompilerIdCXX/a.out"

Determining if the C compiler works passed with the following output:
Change Dir: /media/andre/Dados/UA/MEAI/2º/Visão por Computador/Projectos/DisplayImage/CMakeFiles/CMakeTmp

Run Build Command:"/usr/bin/make" "cmTC_8c63e/fast"
/usr/bin/make -f CMakeFiles/cmTC_8c63e.dir/build.make CMakeFiles/cmTC_8c63e.dir/build
make[1]: Entering directory '/media/andre/Dados/UA/MEAI/2º/Visão por Computador/Projectos/DisplayImage/CMakeFiles/CMakeTmp'
Building C object CMakeFiles/cmTC_8c63e.dir/testCCompiler.c.o
/usr/bin/cc     -o CMakeFiles/cmTC_8c63e.dir/testCCompiler.c.o   -c "/media/andre/Dados/UA/MEAI/2º/Visão por Computador/Projectos/DisplayImage/CMakeFiles/CMakeTmp/testCCompiler.c"
Linking C executable cmTC_8c63e
/usr/bin/cmake -E cmake_link_script CMakeFiles/cmTC_8c63e.dir/link.txt --verbose=1
/usr/bin/cc       CMakeFiles/cmTC_8c63e.dir/testCCompiler.c.o  -o cmTC_8c63e -rdynamic 
make[1]: Leaving directory '/media/andre/Dados/UA/MEAI/2º/Visão por Computador/Projectos/DisplayImage/CMakeFiles/CMakeTmp'


Determining if the CXX compiler works passed with the following output:
Change Dir: /media/andre/Dados/UA/MEAI/2º/Visão por Computador/Projectos/DisplayImage/CMakeFiles/CMakeTmp

Run Build Command:"/usr/bin/make" "cmTC_ba391/fast"
/usr/bin/make -f CMakeFiles/cmTC_ba391.dir/build.make CMakeFiles/cmTC_ba391.dir/build
make[1]: Entering directory '/media/andre/Dados/UA/MEAI/2º/Visão por Computador/Projectos/DisplayImage/CMakeFiles/CMakeTmp'
Building CXX object CMakeFiles/cmTC_ba391.dir/testCXXCompiler.cxx.o
/usr/bin/c++      -o CMakeFiles/cmTC_ba391.dir/testCXXCompiler.cxx.o -c "/media/andre/Dados/UA/MEAI/2º/Visão por Computador/Projectos/DisplayImage/CMakeFiles/CMakeTmp/testCXXCompiler.cxx"
Linking CXX executable cmTC_ba391
/usr/bin/cmake -E cmake_link_script CMakeFiles/cmTC_ba391.dir/link.txt --verbose=1
/usr/bin/c++        CMakeFiles/cmTC_ba391.dir/testCXXCompiler.cxx.o  -o cmTC_ba391 -rdynamic 
make[1]: Leaving directory '/media/andre/Dados/UA/MEAI/2º/Visão por Computador/Projectos/DisplayImage/CMakeFiles/CMakeTmp'


